
> finance-tracker@0.1.0 start
> react-scripts start

Starting the development server...

Compiled successfully!

You can now view finance-tracker in the browser.

  Local:            http://localhost:3000
  On Your Network:  http://192.168.31.68:3000

Note that the development build is not optimized.
To create a production build, use npm run build.

webpack compiled [1m[32msuccessfully[39m[22m
Compiling...
Compiled with warnings.

[eslint] 
src\components\analytics\Analytics.js
  Line 6:3:   'Card' is defined but never used            no-unused-vars
  Line 7:3:   'CardContent' is defined but never used     no-unused-vars
  Line 10:3:  'Grid' is defined but never used            no-unused-vars
  Line 12:3:  'LinearProgress' is defined but never used  no-unused-vars

Search for the keywords to learn more about each warning.
To ignore, add // eslint-disable-next-line to the line before.

[1m[33mWARNING[39m[22m in [1m[eslint] 
src\components\analytics\Analytics.js
  Line 6:3:   'Card' is defined but never used            no-unused-vars
  Line 7:3:   'CardContent' is defined but never used     no-unused-vars
  Line 10:3:  'Grid' is defined but never used            no-unused-vars
  Line 12:3:  'LinearProgress' is defined but never used  no-unused-vars

[39m[22m

webpack compiled with [1m[33m1 warning[39m[22m
Compiling...
Compiled with warnings.

[eslint] 
src\components\analytics\Analytics.js
  Line 6:3:   'Card' is defined but never used            no-unused-vars
  Line 7:3:   'CardContent' is defined but never used     no-unused-vars
  Line 10:3:  'Grid' is defined but never used            no-unused-vars
  Line 12:3:  'LinearProgress' is defined but never used  no-unused-vars

Search for the keywords to learn more about each warning.
To ignore, add // eslint-disable-next-line to the line before.

[1m[33mWARNING[39m[22m in [1m[eslint] 
src\components\analytics\Analytics.js
  Line 6:3:   'Card' is defined but never used            no-unused-vars
  Line 7:3:   'CardContent' is defined but never used     no-unused-vars
  Line 10:3:  'Grid' is defined but never used            no-unused-vars
  Line 12:3:  'LinearProgress' is defined but never used  no-unused-vars

[39m[22m

webpack compiled with [1m[33m1 warning[39m[22m
Compiling...
Compiled successfully!
webpack compiled [1m[32msuccessfully[39m[22m
Compiling...
Compiled successfully!
webpack compiled [1m[32msuccessfully[39m[22m
Compiling...
Compiled with warnings.

[eslint] 
src\components\analytics\Analytics.js
  Line 2:52:  'Flag' is defined but never used  no-unused-vars

Search for the keywords to learn more about each warning.
To ignore, add // eslint-disable-next-line to the line before.

[1m[33mWARNING[39m[22m in [1m[eslint] 
src\components\analytics\Analytics.js
  Line 2:52:  'Flag' is defined but never used  no-unused-vars

[39m[22m

webpack compiled with [1m[33m1 warning[39m[22m
